<?xml version="1.0" encoding="UTF-8"?>
<testsuite name="com.example.mathservice.MathserviceControlletTest.CounterTest" tests="1" skipped="0" failures="0" errors="0" timestamp="2023-05-22T11:08:22" hostname="МОРГЕНШТЕРН" time="0.024">
  <properties/>
  <testcase name="testCounter()" classname="com.example.mathservice.MathserviceControlletTest.CounterTest" time="0.024"/>
  <system-out><![CDATA[]]></system-out>
  <system-err><![CDATA[]]></system-err>
</testsuite>
