<?xml version="1.0" encoding="UTF-8"?>
<testsuite name="com.example.mathservice.MathserviceApplicationTests" tests="1" skipped="0" failures="0" errors="0" timestamp="2023-04-09T20:21:09" hostname="МОРГЕНШТЕРН" time="0.298">
  <properties/>
  <testcase name="contextLoads()" classname="com.example.mathservice.MathserviceApplicationTests" time="0.298"/>
  <system-out><![CDATA[23:21:07.973 [Test worker] DEBUG org.springframework.boot.test.context.SpringBootTestContextBootstrapper -- Neither @ContextConfiguration nor @ContextHierarchy found for test class [MathserviceApplicationTests]: using SpringBootContextLoader
23:21:07.977 [Test worker] DEBUG org.springframework.test.context.support.AbstractContextLoader -- Could not detect default resource locations for test class [com.example.mathservice.MathserviceApplicationTests]: no resource found for suffixes {-context.xml, Context.groovy}.
23:21:07.977 [Test worker] INFO org.springframework.test.context.support.AnnotationConfigContextLoaderUtils -- Could not detect default configuration classes for test class [com.example.mathservice.MathserviceApplicationTests]: MathserviceApplicationTests does not declare any static, non-private, non-final, nested classes annotated with @Configuration.
23:21:07.993 [Test worker] DEBUG org.springframework.boot.test.context.SpringBootTestContextBootstrapper -- Using ContextCustomizers for test class [MathserviceApplicationTests]: [DisableObservabilityContextCustomizer, PropertyMappingContextCustomizer, Customizer, ExcludeFilterContextCustomizer, DuplicateJsonObjectContextCustomizer, MockitoContextCustomizer, TestRestTemplateContextCustomizer]
23:21:08.037 [Test worker] DEBUG org.springframework.context.annotation.ClassPathScanningCandidateComponentProvider -- Identified candidate component class: file [X:\govno\mathservice\build\classes\java\main\com\example\mathservice\MathserviceApplication.class]
23:21:08.038 [Test worker] INFO org.springframework.boot.test.context.SpringBootTestContextBootstrapper -- Found @SpringBootConfiguration com.example.mathservice.MathserviceApplication for test class com.example.mathservice.MathserviceApplicationTests
23:21:08.102 [Test worker] DEBUG org.springframework.test.context.util.TestContextSpringFactoriesUtils -- Skipping candidate TestExecutionListener [org.springframework.test.context.transaction.TransactionalTestExecutionListener] due to a missing dependency. Specify custom TestExecutionListener classes or make the default TestExecutionListener classes and their required dependencies available. Offending class: [org/springframework/transaction/interceptor/TransactionAttributeSource]
23:21:08.104 [Test worker] DEBUG org.springframework.test.context.util.TestContextSpringFactoriesUtils -- Skipping candidate TestExecutionListener [org.springframework.test.context.jdbc.SqlScriptsTestExecutionListener] due to a missing dependency. Specify custom TestExecutionListener classes or make the default TestExecutionListener classes and their required dependencies available. Offending class: [org/springframework/transaction/interceptor/TransactionAttribute]
23:21:08.105 [Test worker] DEBUG org.springframework.boot.test.context.SpringBootTestContextBootstrapper -- Using TestExecutionListeners for test class [MathserviceApplicationTests]: [ServletTestExecutionListener, DirtiesContextBeforeModesTestExecutionListener, ApplicationEventsTestExecutionListener, MockitoTestExecutionListener, DependencyInjectionTestExecutionListener, DirtiesContextTestExecutionListener, EventPublishingTestExecutionListener, RestDocsTestExecutionListener, MockRestServiceServerResetTestExecutionListener, MockMvcPrintOnlyOnFailureTestExecutionListener, WebDriverTestExecutionListener, MockWebServiceServerTestExecutionListener, ResetMocksTestExecutionListener]
23:21:08.106 [Test worker] DEBUG org.springframework.test.context.support.AbstractDirtiesContextTestExecutionListener -- Before test class: class [MathserviceApplicationTests], class annotated with @DirtiesContext [false] with mode [null]

  .   ____          _            __ _ _
 /\\ / ___'_ __ _ _(_)_ __  __ _ \ \ \ \
( ( )\___ | '_ | '_| | '_ \/ _` | \ \ \ \
 \\/  ___)| |_)| | | | | || (_| |  ) ) ) )
  '  |____| .__|_| |_|_| |_\__, | / / / /
 =========|_|==============|___/=/_/_/_/
 :: Spring Boot ::                (v3.0.5)

2023-04-09T23:21:08.289+03:00  WARN 19468 --- [    Test worker] ory$DuplicateJsonObjectContextCustomizer : 

Found multiple occurrences of org.json.JSONObject on the class path:

	jar:file:/C:/Users/User/.gradle/caches/modules-2/files-2.1/org.json/org.json/chargebee-1.0/8b3f1c9d4af9140a570002657c6595f8fe21ba56/org.json-chargebee-1.0.jar!/org/json/JSONObject.class
	jar:file:/C:/Users/User/.gradle/caches/modules-2/files-2.1/com.vaadin.external.google/android-json/0.0.20131108.vaadin1/fa26d351fe62a6a17f5cda1287c1c6110dec413f/android-json-0.0.20131108.vaadin1.jar!/org/json/JSONObject.class

You may wish to exclude one of them to ensure predictable runtime behavior

2023-04-09T23:21:08.300+03:00  INFO 19468 --- [    Test worker] c.e.m.MathserviceApplicationTests        : Starting MathserviceApplicationTests using Java 19.0.2 with PID 19468 (started by User in X:\govno\mathservice)
2023-04-09T23:21:08.301+03:00  INFO 19468 --- [    Test worker] c.e.m.MathserviceApplicationTests        : No active profile set, falling back to 1 default profile: "default"
2023-04-09T23:21:09.035+03:00  INFO 19468 --- [    Test worker] c.e.m.MathserviceApplicationTests        : Started MathserviceApplicationTests in 0.887 seconds (process running for 1.7)
]]></system-out>
  <system-err><![CDATA[]]></system-err>
</testsuite>
